Loading genres...
Genres loaded: 19
Loading movies for genre 0 page 1...
Loading movies for genre 0 page 1...
Movies loaded: 20
Movies loaded: 20
Loading genres...
Genres loaded: 19
Loading movies for genre 0 page 1...
Loading movies for genre 0 page 1...
Movies loaded: 20
Movies loaded: 20
Loading genres...
Genres loaded: 19
Loading movies for genre 0 page 1...
Loading movies for genre 0 page 1...
Movies loaded: 20
Movies loaded: 20
Loading genres...
Genres loaded: 19
Loading movies for genre 0 page 1...
Loading movies for genre 0 page 1...
Movies loaded: 20
Movies loaded: 20
Loading genres...
Genres loaded: 19
Loading movies for genre 0 page 1...
Loading movies for genre 0 page 1...
Movies loaded: 20
Movies loaded: 20
Loading genres...
Genres loaded: 19
Loading movies for genre 0 page 1...
Loading movies for genre 0 page 1...
Movies loaded: 20
Movies loaded: 20
Loading genres...
Genres loaded: 19
Loading movies for genre 0 page 1...
Loading movies for genre 0 page 1...
Movies loaded: 20
Movies loaded: 20
Loading genres...
Genres loaded: 19
Loading movies for genre 0 page 1...
Loading movies for genre 0 page 1...
Movies loaded: 20
Movies loaded: 20
ShowDetailsInPane movie id=1084242 title=Zootopie 2
ShowDetailsInPane movie id=1419406 title=The Shadow's Edge
ShowDetailsInPane movie id=1033462 title=749 Bureau
Loading genres...
Genres loaded: 19
Loading movies for genre 0 page 1...
Loading movies for genre 0 page 1...
Movies loaded: 20
Movies loaded: 20
ShowDetailsInPane movie id=1084242 title=Zootopie 2
Loading genres...
Genres loaded: 19
Loading movies for genre 0 page 1...
Loading movies for genre 0 page 1...
Movies loaded: 20
Movies loaded: 20
Loading movies for genre 10402 page 1...
Movies loaded: 20
ShowDetailsInPane movie id=803796 title=KPop Demon Hunters
Loading genres...
Genres loaded: 19
Loading movies for genre 0 page 1...
Loading movies for genre 0 page 1...
Movies loaded: 20
Movies loaded: 20
ShowDetailsInPane movie id=1084242 title=Zootopie 2
Loading genres...
Genres loaded: 19
Loading movies for genre 0 page 1...
Loading movies for genre 0 page 1...
Movies loaded: 20
Movies loaded: 20
ShowDetailsInPane movie id=1084242 title=Zootopie 2
Loading genres...
Genres loaded: 19
Loading movies for genre 0 page 1...
Loading movies for genre 0 page 1...
Movies loaded: 20
Movies loaded: 20
ShowDetailsInPane movie id=1084242 title=Zootopie 2
Loading genres...
Genres loaded: 19
Loading movies for genre 0 page 1...
Loading movies for genre 0 page 1...
Movies loaded: 20
Movies loaded: 20
Loading genres...
Loading genres...
Genres loaded: 19
Loading movies for genre 0 page 1...
Loading movies for genre 0 page 1...
Loading genres...
Movies loaded: 20
Movies loaded: 20
Loading genres...
Genres loaded: 19
Loading movies for genre 0 page 1...
Loading movies for genre 0 page 1...
Genres loaded: 19
Loading movies for genre 0 page 1...
Loading movies for genre 0 page 1...
Movies loaded: 20
Movies loaded: 20
Movies loaded: 20
Movies loaded: 20
Genres loaded: 19
Loading movies for genre 0 page 1...
Loading movies for genre 0 page 1...
Movies loaded: 20
Movies loaded: 20
ShowDetailsInPane movie id=1084242 title=Zootopie 2
Loading genres...
Genres loaded: 19
Loading movies for genre 0 page 1...
Loading movies for genre 0 page 1...
Movies loaded: 20
Movies loaded: 20
Loading genres...
Genres loaded: 19
Loading movies for genre 0 page 1...
Loading movies for genre 0 page 1...
Movies loaded: 20
Movies loaded: 20
Nombre de films récupérés : 20
- Zootopie 2 (note: 7,8)
- Tron : Ares (note: 6,4)
- The Shadow's Edge (note: 6,3)
- 749 Bureau (note: 5,8)
- Wildcat (note: 6,4)
- High Forces (note: 6,1)
- Dracula (note: 7,1)
- Altered (note: 6,6)
- La Place du mort (note: 7,2)
- Border Hunters (note: 8,8)

Loading genres...
Genres loaded: 19
Loading movies for genre 0 page 1...
Loading movies for genre 0 page 1...
Movies loaded: 20
Movies loaded: 20
Loading genres...
Genres loaded: 19
Loading movies for genre 0 page 1...
Loading movies for genre 0 page 1...
Movies loaded: 20
Movies loaded: 20
Nombre de films récupérés : 20
- Zootopie 2 (note: 7,8)
- Tron : Ares (note: 6,4)
- The Shadow's Edge (note: 6,3)
- 749 Bureau (note: 5,8)
- Wildcat (note: 6,4)
- High Forces (note: 6,1)
- Dracula (note: 7,1)
- Altered (note: 6,6)
- La Place du mort (note: 7,2)
- Border Hunters (note: 8,8)

Nombre de films récupérés : 20
- Zootopie 2 (note: 7,8)
- Tron : Ares (note: 6,4)
- The Shadow's Edge (note: 6,3)
- 749 Bureau (note: 5,8)
- Wildcat (note: 6,4)
- High Forces (note: 6,1)
- Dracula (note: 7,1)
- Altered (note: 6,6)
- La Place du mort (note: 7,2)
- Border Hunters (note: 8,8)

Loading genres...
Genres loaded: 19
Loading movies for genre 0 page 1...
Loading movies for genre 0 page 1...
Movies loaded: 20
Movies loaded: 20
Loading movies for genre 35 page 1...
Movies loaded: 20
Loading movies for genre 99 page 1...
Movies loaded: 20
Loading movies for genre 80 page 1...
Movies loaded: 20
Nombre de films récupérés : 20
- Zootopie 2 (note: 7,8)
- Tron : Ares (note: 6,4)
- The Shadow's Edge (note: 6,3)
- 749 Bureau (note: 5,8)
- Wildcat (note: 6,4)
- High Forces (note: 6,1)
- Dracula (note: 7,1)
- Altered (note: 6,6)
- La Place du mort (note: 7,2)
- Border Hunters (note: 8,8)

Loading genres...
Genres loaded: 19
Loading movies for genre 0 page 1...
Loading movies for genre 0 page 1...
Movies loaded: 20
Loading genres...
Genres loaded: 19
Loading movies for genre 0 page 1...
Loading movies for genre 0 page 1...
Movies loaded: 20
Movies loaded: 20
Loading genres...
Genres loaded: 19
Loading movies for genre 0 page 1...
Loading movies for genre 0 page 1...
Movies loaded: 20
Movies loaded: 20
Loading genres...
Genres loaded: 19
Loading movies for genre 0 page 1...
Loading movies for genre 0 page 1...
Movies loaded: 20
Movies loaded: 20
Loading genres...
Genres loaded: 19
Loading movies for genre 0 page 1...
Loading movies for genre 0 page 1...
Movies loaded: 20
Movies loaded: 20
Loading genres...
Genres loaded: 19
Loading movies for genre 0 page 1...
Loading movies for genre 0 page 1...
Movies loaded: 20
Movies loaded: 20
Loading genres...
Genres loaded: 19
Loading movies for genre 0 page 1...
Loading movies for genre 0 page 1...
Movies loaded: 20
Movies loaded: 20
Loading genres...
Genres loaded: 19
Loading movies for genre 0 page 1...
Loading movies for genre 0 page 1...
Movies loaded: 20
Movies loaded: 20
Loading genres...
Genres loaded: 19
Loading movies for genre 0 page 1...
Loading movies for genre 0 page 1...
Movies loaded: 20
Movies loaded: 20
Loading genres...
Genres loaded: 19
Loading movies for genre 0 page 1...
Loading movies for genre 0 page 1...
Movies loaded: 20
Movies loaded: 20
Loading genres...
Genres loaded: 19
Loading movies for genre 0 page 1...
Loading movies for genre 0 page 1...
Movies loaded: 20
Movies loaded: 20
Loading genres...
Genres loaded: 19
Loading movies for genre 0 page 1...
Loading movies for genre 0 page 1...
Movies loaded: 20
Movies loaded: 20
Loading genres...
Genres loaded: 19
Loading movies for genre 0 page 1...
Loading movies for genre 0 page 1...
Movies loaded: 20
Movies loaded: 20
Loading genres...
Genres loaded: 19
Loading movies for genre 0 page 1...
Loading movies for genre 0 page 1...
Movies loaded: 20
Movies loaded: 20
Loading genres...
Genres loaded: 19
Loading movies for genre 0 page 1...
Loading movies for genre 0 page 1...
Movies loaded: 20
Movies loaded: 20
Loading genres...
Genres loaded: 19
Loading movies for genre 0 page 1...
Loading movies for genre 0 page 1...
Movies loaded: 20
Loading genres...
Movies loaded: 20
Genres loaded: 19
Loading movies for genre 0 page 1...
Loading movies for genre 0 page 1...
Movies loaded: 20
Movies loaded: 20
Loading genres...
Genres loaded: 19
Loading movies for genre 0 page 1...
Loading movies for genre 0 page 1...
Movies loaded: 20
Movies loaded: 20
Loading genres...
Genres loaded: 19
Loading movies for genre 0 page 1...
Loading movies for genre 0 page 1...
Movies loaded: 20
Movies loaded: 20
Loading genres...
Genres loaded: 19
Loading movies for genre 0 page 1...
Loading movies for genre 0 page 1...
Movies loaded: 20
Movies loaded: 20
Loading genres...
Genres loaded: 19
Loading movies for genre 0 page 1...
Loading movies for genre 0 page 1...
Movies loaded: 20
Movies loaded: 20
Loading genres...
Genres loaded: 19
Loading movies for genre 0 page 1...
Loading movies for genre 0 page 1...
Movies loaded: 20
Movies loaded: 20
Loading genres...
Genres loaded: 19
Loading movies for genre 0 page 1...
Loading movies for genre 0 page 1...
Movies loaded: 20
Movies loaded: 20
Loading genres...
Genres loaded: 19
Loading movies for genre 0 page 1...
Loading movies for genre 0 page 1...
Movies loaded: 20
Movies loaded: 20
ShowDetailsInPane movie id=1523145 title=Your Heart Will Be Broken
Loading genres...
Genres loaded: 19
Loading movies for genre 0 page 1...
Loading movies for genre 0 page 1...
Movies loaded: 20
Movies loaded: 20
Loading genres...
Genres loaded: 19
Loading movies for genre 0 page 1...
Loading movies for genre 0 page 1...
Movies loaded: 20
Movies loaded: 20
Loading genres...
Genres loaded: 19
Loading movies for genre 0 page 1...
Loading movies for genre 0 page 1...
Movies loaded: 20
Movies loaded: 20
Loading genres...
Genres loaded: 19
Loading movies for genre 0 page 1...
Loading movies for genre 0 page 1...
Movies loaded: 20
Movies loaded: 20
Loading genres...
Genres loaded: 19
Loading movies for genre 0 page 1...
Loading movies for genre 0 page 1...
Movies loaded: 20
Movies loaded: 20
Loading genres...
Genres loaded: 19
Loading movies for genre 0 page 1...
Loading movies for genre 0 page 1...
Movies loaded: 20
Movies loaded: 20
Loading genres...
Genres loaded: 19
Loading movies for genre 0 page 1...
Loading movies for genre 0 page 1...
Movies loaded: 20
Movies loaded: 20
Loading genres...
Genres loaded: 19
Loading movies for genre 0 page 1...
Loading movies for genre 0 page 1...
Movies loaded: 20
Movies loaded: 20
Loading genres...
Genres loaded: 19
Loading movies for genre 0 page 1...
Loading movies for genre 0 page 1...
Movies loaded: 20
Movies loaded: 20
Loading genres...
Genres loaded: 19
Loading movies for genre 0 page 1...
Loading movies for genre 0 page 1...
Movies loaded: 20
Movies loaded: 20
Loading genres...
Genres loaded: 19
Loading movies for genre 0 page 1...
Loading movies for genre 0 page 1...
Movies loaded: 20
Movies loaded: 20
Loading genres...
Genres loaded: 19
Loading movies for genre 0 page 1...
Loading movies for genre 0 page 1...
Movies loaded: 20
Movies loaded: 20
Loading genres...
Genres loaded: 19
Loading movies for genre 0 page 1...
Loading movies for genre 0 page 1...
Movies loaded: 20
Movies loaded: 20
Loading genres...
Genres loaded: 19
Loading movies for genre 0 page 1...
Loading movies for genre 0 page 1...
Movies loaded: 20
Movies loaded: 20
Loading genres...
Genres loaded: 19
Loading movies for genre 0 page 1...
Loading movies for genre 0 page 1...
Movies loaded: 20
Movies loaded: 20
Loading genres...
Genres loaded: 19
Loading movies for genre 0 page 1...
Loading movies for genre 0 page 1...
Movies loaded: 20
Movies loaded: 20
Loading genres...
Genres loaded: 19
Loading movies for genre 0 page 1...
Loading movies for genre 0 page 1...
Movies loaded: 20
Movies loaded: 20
DispatcherUnhandledException: System.NullReferenceException: Object reference not set to an instance of an object.
   at ProjetFilmv1.ConnexionPage.Login_Click(Object sender, RoutedEventArgs e) in C:\Users\lucas\RiderProjects\projetfilm\ProjetFilmv1\ConnexionPage.xaml.cs:line 40
   at System.Windows.EventRoute.InvokeHandlersImpl(Object source, RoutedEventArgs args, Boolean reRaised)
   at System.Windows.UIElement.RaiseEventImpl(DependencyObject sender, RoutedEventArgs args)
   at System.Windows.Controls.Primitives.ButtonBase.OnClick()
   at System.Windows.Controls.Button.OnClick()
   at System.Windows.Controls.Primitives.ButtonBase.OnMouseLeftButtonUp(MouseButtonEventArgs e)
   at System.Windows.RoutedEventArgs.InvokeHandler(Delegate handler, Object target)
   at System.Windows.EventRoute.InvokeHandlersImpl(Object source, RoutedEventArgs args, Boolean reRaised)
   at System.Windows.UIElement.ReRaiseEventAs(DependencyObject sender, RoutedEventArgs args, RoutedEvent newEvent)
   at System.Windows.RoutedEventArgs.InvokeHandler(Delegate handler, Object target)
   at System.Windows.EventRoute.InvokeHandlersImpl(Object source, RoutedEventArgs args, Boolean reRaised)
   at System.Windows.UIElement.RaiseEventImpl(DependencyObject sender, RoutedEventArgs args)
   at System.Windows.UIElement.RaiseTrustedEvent(RoutedEventArgs args)
   at System.Windows.Input.InputManager.ProcessStagingArea()
   at System.Windows.Interop.HwndMouseInputProvider.ReportInput(IntPtr hwnd, InputMode mode, Int32 timestamp, RawMouseActions actions, Int32 x, Int32 y, Int32 wheel)
   at System.Windows.Interop.HwndMouseInputProvider.FilterMessage(IntPtr hwnd, WindowMessage msg, IntPtr wParam, IntPtr lParam, Boolean& handled)
   at System.Windows.Threading.ExceptionWrapper.InternalRealCall(Delegate callback, Object args, Int32 numArgs)
   at System.Windows.Threading.ExceptionWrapper.TryCatchWhen(Object source, Delegate callback, Object args, Int32 numArgs, Delegate catchHandler)
Loading genres...
Genres loaded: 19
Loading movies for genre 0 page 1...
Loading movies for genre 0 page 1...
Movies loaded: 20
Movies loaded: 20
Loading genres...
Genres loaded: 19
Loading movies for genre 0 page 1...
Loading movies for genre 0 page 1...
Movies loaded: 20
Movies loaded: 20
Loading genres...
Genres loaded: 19
Loading movies for genre 0 page 1...
Loading movies for genre 0 page 1...
Movies loaded: 20
Movies loaded: 20
Loading genres...
Genres loaded: 19
Loading movies for genre 0 page 1...
Loading movies for genre 0 page 1...
Movies loaded: 20
Movies loaded: 20
Loading genres...
Genres loaded: 19
Loading movies for genre 0 page 1...
Loading movies for genre 0 page 1...
Movies loaded: 20
Movies loaded: 20
Loading genres...
Genres loaded: 19
Loading movies for genre 0 page 1...
Loading movies for genre 0 page 1...
Movies loaded: 20
Movies loaded: 20
Loading genres...
Genres loaded: 19
Loading movies for genre 0 page 1...
Loading movies for genre 0 page 1...
Movies loaded: 20
Movies loaded: 20
Loading genres...
Genres loaded: 19
Loading movies for genre 0 page 1...
Loading movies for genre 0 page 1...
Movies loaded: 20
Movies loaded: 20
Loading genres...
Genres loaded: 19
Loading movies for genre 0 page 1...
Loading movies for genre 0 page 1...
Movies loaded: 20
Movies loaded: 20
Loading genres...
Genres loaded: 19
Loading movies for genre 0 page 1...
Loading movies for genre 0 page 1...
Movies loaded: 20
Movies loaded: 20
Loading genres...
Genres loaded: 19
Loading movies for genre 0 page 1...
Loading movies for genre 0 page 1...
Movies loaded: 20
Movies loaded: 20
Loading genres...
Genres loaded: 19
Loading movies for genre 0 page 1...
Loading movies for genre 0 page 1...
Movies loaded: 20
Movies loaded: 20
Loading genres...
Genres loaded: 19
Loading movies for genre 0 page 1...
Loading movies for genre 0 page 1...
Movies loaded: 20
Movies loaded: 20
Loading genres...
Genres loaded: 19
Loading movies for genre 0 page 1...
Loading movies for genre 0 page 1...
Movies loaded: 20
Movies loaded: 20
Loading genres...
Genres loaded: 19
Loading movies for genre 0 page 1...
Loading movies for genre 0 page 1...
Movies loaded: 20
Movies loaded: 20
Error loading favorite state: MySql.Data.MySqlClient.MySqlException (0x80004005): Unknown column 'Favoris' in 'SELECT'
   at MySql.Data.MySqlClient.MySqlStream.ReadPacketAsync(Boolean execAsync)
   at MySql.Data.MySqlClient.NativeDriver.GetResultAsync(Int32 affectedRow, Int64 insertedId, Boolean execAsync)
   at MySql.Data.MySqlClient.Driver.GetResultAsync(Int32 statementId, Int32 affectedRows, Int64 insertedId, Boolean execAsync)
   at MySql.Data.MySqlClient.Driver.NextResultAsync(Int32 statementId, Boolean force, Boolean execAsync)
   at MySql.Data.MySqlClient.MySqlDataReader.NextResultAsync(Boolean execAsync, CancellationToken cancellationToken)
   at MySql.Data.MySqlClient.MySqlDataReader.NextResultAsync(Boolean execAsync, CancellationToken cancellationToken)
   at MySql.Data.MySqlClient.MySqlCommand.ExecuteReaderAsync(CommandBehavior behavior, Boolean execAsync, CancellationToken cancellationToken)
   at MySql.Data.MySqlClient.MySqlCommand.ExecuteReaderAsync(CommandBehavior behavior, Boolean execAsync, CancellationToken cancellationToken)
   at MySql.Data.MySqlClient.MySqlCommand.ExecuteReaderAsync(CommandBehavior behavior, Boolean execAsync, CancellationToken cancellationToken)
   at MySql.Data.MySqlClient.MySqlCommand.ExecuteScalarAsync(Boolean execAsync, CancellationToken cancellationToken)
   at MySql.Data.MySqlClient.MySqlCommand.ExecuteScalar()
   at ProjetFilmv1.Services.FavoritesService.GetFavorites(Int32 userId) in C:\Users\DD\RiderProjects\projetfilm\ProjetFilmv1\Services\FavoritesService.cs:line 27
   at ProjetFilmv1.Services.FavoritesService.IsFavorite(Int32 userId, Int32 movieId) in C:\Users\DD\RiderProjects\projetfilm\ProjetFilmv1\Services\FavoritesService.cs:line 38
   at ProjetFilmv1.MovieDetailsWindow.RefreshFavoriteState() in C:\Users\DD\RiderProjects\projetfilm\ProjetFilmv1\MovieDetailsWindow.xaml.cs:line 230
Error loading favorite state: MySql.Data.MySqlClient.MySqlException (0x80004005): Unknown column 'Favoris' in 'SELECT'
   at MySql.Data.MySqlClient.MySqlStream.ReadPacketAsync(Boolean execAsync)
   at MySql.Data.MySqlClient.NativeDriver.GetResultAsync(Int32 affectedRow, Int64 insertedId, Boolean execAsync)
   at MySql.Data.MySqlClient.Driver.GetResultAsync(Int32 statementId, Int32 affectedRows, Int64 insertedId, Boolean execAsync)
   at MySql.Data.MySqlClient.Driver.NextResultAsync(Int32 statementId, Boolean force, Boolean execAsync)
   at MySql.Data.MySqlClient.MySqlDataReader.NextResultAsync(Boolean execAsync, CancellationToken cancellationToken)
   at MySql.Data.MySqlClient.MySqlDataReader.NextResultAsync(Boolean execAsync, CancellationToken cancellationToken)
   at MySql.Data.MySqlClient.MySqlCommand.ExecuteReaderAsync(CommandBehavior behavior, Boolean execAsync, CancellationToken cancellationToken)
   at MySql.Data.MySqlClient.MySqlCommand.ExecuteReaderAsync(CommandBehavior behavior, Boolean execAsync, CancellationToken cancellationToken)
   at MySql.Data.MySqlClient.MySqlCommand.ExecuteReaderAsync(CommandBehavior behavior, Boolean execAsync, CancellationToken cancellationToken)
   at MySql.Data.MySqlClient.MySqlCommand.ExecuteScalarAsync(Boolean execAsync, CancellationToken cancellationToken)
   at MySql.Data.MySqlClient.MySqlCommand.ExecuteScalar()
   at ProjetFilmv1.Services.FavoritesService.GetFavorites(Int32 userId) in C:\Users\DD\RiderProjects\projetfilm\ProjetFilmv1\Services\FavoritesService.cs:line 27
   at ProjetFilmv1.Services.FavoritesService.IsFavorite(Int32 userId, Int32 movieId) in C:\Users\DD\RiderProjects\projetfilm\ProjetFilmv1\Services\FavoritesService.cs:line 38
   at ProjetFilmv1.MovieDetailsWindow.RefreshFavoriteState() in C:\Users\DD\RiderProjects\projetfilm\ProjetFilmv1\MovieDetailsWindow.xaml.cs:line 230
Error loading favorite state: MySql.Data.MySqlClient.MySqlException (0x80004005): Unknown column 'Favoris' in 'SELECT'
   at MySql.Data.MySqlClient.MySqlStream.ReadPacketAsync(Boolean execAsync)
   at MySql.Data.MySqlClient.NativeDriver.GetResultAsync(Int32 affectedRow, Int64 insertedId, Boolean execAsync)
   at MySql.Data.MySqlClient.Driver.GetResultAsync(Int32 statementId, Int32 affectedRows, Int64 insertedId, Boolean execAsync)
   at MySql.Data.MySqlClient.Driver.NextResultAsync(Int32 statementId, Boolean force, Boolean execAsync)
   at MySql.Data.MySqlClient.MySqlDataReader.NextResultAsync(Boolean execAsync, CancellationToken cancellationToken)
   at MySql.Data.MySqlClient.MySqlDataReader.NextResultAsync(Boolean execAsync, CancellationToken cancellationToken)
   at MySql.Data.MySqlClient.MySqlCommand.ExecuteReaderAsync(CommandBehavior behavior, Boolean execAsync, CancellationToken cancellationToken)
   at MySql.Data.MySqlClient.MySqlCommand.ExecuteReaderAsync(CommandBehavior behavior, Boolean execAsync, CancellationToken cancellationToken)
   at MySql.Data.MySqlClient.MySqlCommand.ExecuteReaderAsync(CommandBehavior behavior, Boolean execAsync, CancellationToken cancellationToken)
   at MySql.Data.MySqlClient.MySqlCommand.ExecuteScalarAsync(Boolean execAsync, CancellationToken cancellationToken)
   at MySql.Data.MySqlClient.MySqlCommand.ExecuteScalar()
   at ProjetFilmv1.Services.FavoritesService.GetFavorites(Int32 userId) in C:\Users\DD\RiderProjects\projetfilm\ProjetFilmv1\Services\FavoritesService.cs:line 27
   at ProjetFilmv1.Services.FavoritesService.IsFavorite(Int32 userId, Int32 movieId) in C:\Users\DD\RiderProjects\projetfilm\ProjetFilmv1\Services\FavoritesService.cs:line 38
   at ProjetFilmv1.MovieDetailsWindow.RefreshFavoriteState() in C:\Users\DD\RiderProjects\projetfilm\ProjetFilmv1\MovieDetailsWindow.xaml.cs:line 230
Error loading favorite state: MySql.Data.MySqlClient.MySqlException (0x80004005): Unknown column 'favoris' in 'SELECT'
   at MySql.Data.MySqlClient.MySqlStream.ReadPacketAsync(Boolean execAsync)
   at MySql.Data.MySqlClient.NativeDriver.GetResultAsync(Int32 affectedRow, Int64 insertedId, Boolean execAsync)
   at MySql.Data.MySqlClient.Driver.GetResultAsync(Int32 statementId, Int32 affectedRows, Int64 insertedId, Boolean execAsync)
   at MySql.Data.MySqlClient.Driver.NextResultAsync(Int32 statementId, Boolean force, Boolean execAsync)
   at MySql.Data.MySqlClient.MySqlDataReader.NextResultAsync(Boolean execAsync, CancellationToken cancellationToken)
   at MySql.Data.MySqlClient.MySqlDataReader.NextResultAsync(Boolean execAsync, CancellationToken cancellationToken)
   at MySql.Data.MySqlClient.MySqlCommand.ExecuteReaderAsync(CommandBehavior behavior, Boolean execAsync, CancellationToken cancellationToken)
   at MySql.Data.MySqlClient.MySqlCommand.ExecuteReaderAsync(CommandBehavior behavior, Boolean execAsync, CancellationToken cancellationToken)
   at MySql.Data.MySqlClient.MySqlCommand.ExecuteReaderAsync(CommandBehavior behavior, Boolean execAsync, CancellationToken cancellationToken)
   at MySql.Data.MySqlClient.MySqlCommand.ExecuteScalarAsync(Boolean execAsync, CancellationToken cancellationToken)
   at MySql.Data.MySqlClient.MySqlCommand.ExecuteScalar()
   at ProjetFilmv1.Services.FavoritesService.GetFavorites(Int32 userId) in C:\Users\DD\RiderProjects\projetfilm\ProjetFilmv1\Services\FavoritesService.cs:line 27
   at ProjetFilmv1.Services.FavoritesService.IsFavorite(Int32 userId, Int32 movieId) in C:\Users\DD\RiderProjects\projetfilm\ProjetFilmv1\Services\FavoritesService.cs:line 38
   at ProjetFilmv1.MovieDetailsWindow.RefreshFavoriteState() in C:\Users\DD\RiderProjects\projetfilm\ProjetFilmv1\MovieDetailsWindow.xaml.cs:line 230
Error loading favorite state: MySql.Data.MySqlClient.MySqlException (0x80004005): CREATE command denied to user 'user_bdd'@'172.20.0.130' for table `projetfilm`.`films_favoris`
   at MySql.Data.MySqlClient.MySqlStream.ReadPacketAsync(Boolean execAsync)
   at MySql.Data.MySqlClient.NativeDriver.GetResultAsync(Int32 affectedRow, Int64 insertedId, Boolean execAsync)
   at MySql.Data.MySqlClient.Driver.GetResultAsync(Int32 statementId, Int32 affectedRows, Int64 insertedId, Boolean execAsync)
   at MySql.Data.MySqlClient.Driver.NextResultAsync(Int32 statementId, Boolean force, Boolean execAsync)
   at MySql.Data.MySqlClient.MySqlDataReader.NextResultAsync(Boolean execAsync, CancellationToken cancellationToken)
   at MySql.Data.MySqlClient.MySqlDataReader.NextResultAsync(Boolean execAsync, CancellationToken cancellationToken)
   at MySql.Data.MySqlClient.MySqlCommand.ExecuteReaderAsync(CommandBehavior behavior, Boolean execAsync, CancellationToken cancellationToken)
   at MySql.Data.MySqlClient.MySqlCommand.ExecuteReaderAsync(CommandBehavior behavior, Boolean execAsync, CancellationToken cancellationToken)
   at MySql.Data.MySqlClient.MySqlCommand.ExecuteReaderAsync(CommandBehavior behavior, Boolean execAsync, CancellationToken cancellationToken)
   at MySql.Data.MySqlClient.MySqlCommand.ExecuteNonQueryAsync(Boolean execAsync, CancellationToken cancellationToken)
   at MySql.Data.MySqlClient.MySqlCommand.ExecuteNonQuery()
   at ProjetFilmv1.Services.FavoritesService.EnsureFavoritesTable(MySqlConnection connection) in C:\Users\DD\RiderProjects\projetfilm\ProjetFilmv1\Services\FavoritesService.cs:line 144
   at ProjetFilmv1.Services.FavoritesService.IsFavorite(Int32 userId, Int32 movieId) in C:\Users\DD\RiderProjects\projetfilm\ProjetFilmv1\Services\FavoritesService.cs:line 55
   at ProjetFilmv1.MovieDetailsWindow.RefreshFavoriteState() in C:\Users\DD\RiderProjects\projetfilm\ProjetFilmv1\MovieDetailsWindow.xaml.cs:line 230
